This is pdfTeX, Version 3.14159265-2.6-1.40.17 (TeX Live 2016) (preloaded format=pdflatex 2016.5.22)  8 APR 2018 15:09
entering extended mode
 restricted \write18 enabled.
 %&-line parsing enabled.
**paper-icml.tex
(./paper-icml.tex
LaTeX2e <2016/03/31>
Babel <3.9r> and hyphenation patterns for 83 language(s) loaded.
(/usr/local/texlive/2016/texmf-dist/tex/latex/base/article.cls
Document Class: article 2014/09/29 v1.4h Standard LaTeX document class
(/usr/local/texlive/2016/texmf-dist/tex/latex/base/size10.clo
File: size10.clo 2014/09/29 v1.4h Standard LaTeX file (size option)
)
\c@part=\count79
\c@section=\count80
\c@subsection=\count81
\c@subsubsection=\count82
\c@paragraph=\count83
\c@subparagraph=\count84
\c@figure=\count85
\c@table=\count86
\abovecaptionskip=\skip41
\belowcaptionskip=\skip42
\bibindent=\dimen102
)
(/usr/local/texlive/2016/texmf-dist/tex/latex/psnfss/times.sty
Package: times 2005/04/12 PSNFSS-v9.2a (SPQR) 
)
(/usr/local/texlive/2016/texmf-dist/tex/latex/graphics/graphicx.sty
Package: graphicx 2014/10/28 v1.0g Enhanced LaTeX Graphics (DPC,SPQR)

(/usr/local/texlive/2016/texmf-dist/tex/latex/graphics/keyval.sty
Package: keyval 2014/10/28 v1.15 key=value parser (DPC)
\KV@toks@=\toks14
)
(/usr/local/texlive/2016/texmf-dist/tex/latex/graphics/graphics.sty
Package: graphics 2016/05/09 v1.0r Standard LaTeX Graphics (DPC,SPQR)

(/usr/local/texlive/2016/texmf-dist/tex/latex/graphics/trig.sty
Package: trig 2016/01/03 v1.10 sin cos tan (DPC)
)
(/usr/local/texlive/2016/texmf-dist/tex/latex/graphics-cfg/graphics.cfg
File: graphics.cfg 2016/01/02 v1.10 sample graphics configuration
)
Package graphics Info: Driver file: pdftex.def on input line 96.

(/usr/local/texlive/2016/texmf-dist/tex/latex/pdftex-def/pdftex.def
File: pdftex.def 2011/05/27 v0.06d Graphics/color for pdfTeX

(/usr/local/texlive/2016/texmf-dist/tex/generic/oberdiek/infwarerr.sty
Package: infwarerr 2016/05/16 v1.4 Providing info/warning/error messages (HO)
)
(/usr/local/texlive/2016/texmf-dist/tex/generic/oberdiek/ltxcmds.sty
Package: ltxcmds 2016/05/16 v1.23 LaTeX kernel commands for general use (HO)
)
\Gread@gobject=\count87
))
\Gin@req@height=\dimen103
\Gin@req@width=\dimen104
)
(./natbib.sty
Package: natbib 2009/07/16 8.31 (PWD, AO)
\bibhang=\skip43
\bibsep=\skip44
LaTeX Info: Redefining \cite on input line 694.
\c@NAT@ctr=\count88
) (./algorithm.sty
Package: algorithm 

Document Style `algorithm' - floating environment
(/usr/local/texlive/2016/texmf-dist/tex/latex/float/float.sty
Package: float 2001/11/08 v1.3d Float enhancements (AL)
\c@float@type=\count89
\float@exts=\toks15
\float@box=\box26
\@float@everytoks=\toks16
\@floatcapt=\box27
)
(/usr/local/texlive/2016/texmf-dist/tex/latex/base/ifthen.sty
Package: ifthen 2014/09/29 v1.1c Standard LaTeX ifthen package (DPC)
)
\@float@every@algorithm=\toks17
\c@algorithm=\count90
)
(./algorithmic.sty
Package: algorithmic 

Document Style `algorithmic' - environment
(/usr/local/texlive/2016/texmf-dist/tex/latex/tools/calc.sty
Package: calc 2014/10/28 v4.3 Infix arithmetic (KKT,FJ)
\calc@Acount=\count91
\calc@Bcount=\count92
\calc@Adimen=\dimen105
\calc@Bdimen=\dimen106
\calc@Askip=\skip45
\calc@Bskip=\skip46
LaTeX Info: Redefining \setlength on input line 80.
LaTeX Info: Redefining \addtolength on input line 81.
\calc@Ccount=\count93
\calc@Cskip=\skip47
)
\c@ALC@line=\count94
\c@ALC@rem=\count95
\ALC@tlm=\skip48
)
(/usr/local/texlive/2016/texmf-dist/tex/latex/amscls/amsthm.sty
Package: amsthm 2015/03/04 v2.20.2
\thm@style=\toks18
\thm@bodyfont=\toks19
\thm@headfont=\toks20
\thm@notefont=\toks21
\thm@headpunct=\toks22
\thm@preskip=\skip49
\thm@postskip=\skip50
\thm@headsep=\skip51
\dth@everypar=\toks23
)
(/usr/local/texlive/2016/texmf-dist/tex/latex/hyperref/hyperref.sty
Package: hyperref 2016/05/05 v6.83n Hypertext links for LaTeX

(/usr/local/texlive/2016/texmf-dist/tex/generic/oberdiek/hobsub-hyperref.sty
Package: hobsub-hyperref 2016/05/16 v1.14 Bundle oberdiek, subset hyperref (HO)


(/usr/local/texlive/2016/texmf-dist/tex/generic/oberdiek/hobsub-generic.sty
Package: hobsub-generic 2016/05/16 v1.14 Bundle oberdiek, subset generic (HO)
Package: hobsub 2016/05/16 v1.14 Construct package bundles (HO)
Package hobsub Info: Skipping package `infwarerr' (already loaded).
Package hobsub Info: Skipping package `ltxcmds' (already loaded).
Package: ifluatex 2016/05/16 v1.4 Provides the ifluatex switch (HO)
Package ifluatex Info: LuaTeX not detected.
Package: ifvtex 2016/05/16 v1.6 Detect VTeX and its facilities (HO)
Package ifvtex Info: VTeX not detected.
Package: intcalc 2016/05/16 v1.2 Expandable calculations with integers (HO)
Package: ifpdf 2016/05/14 v3.1 Provides the ifpdf switch
Package: etexcmds 2016/05/16 v1.6 Avoid name clashes with e-TeX commands (HO)
Package etexcmds Info: Could not find \expanded.
(etexcmds)             That can mean that you are not using pdfTeX 1.50 or
(etexcmds)             that some package has redefined \expanded.
(etexcmds)             In the latter case, load this package earlier.
Package: kvsetkeys 2016/05/16 v1.17 Key value parser (HO)
Package: kvdefinekeys 2016/05/16 v1.4 Define keys (HO)
Package: pdftexcmds 2016/05/10 v0.21 Utility functions of pdfTeX for LuaTeX (HO
)
Package pdftexcmds Info: LuaTeX not detected.
Package pdftexcmds Info: \pdf@primitive is available.
Package pdftexcmds Info: \pdf@ifprimitive is available.
Package pdftexcmds Info: \pdfdraftmode found.
Package: pdfescape 2016/05/16 v1.14 Implements pdfTeX's escape features (HO)
Package: bigintcalc 2016/05/16 v1.4 Expandable calculations on big integers (HO
)
Package: bitset 2016/05/16 v1.2 Handle bit-vector datatype (HO)
Package: uniquecounter 2016/05/16 v1.3 Provide unlimited unique counter (HO)
)
Package hobsub Info: Skipping package `hobsub' (already loaded).
Package: letltxmacro 2016/05/16 v1.5 Let assignment for LaTeX macros (HO)
Package: hopatch 2016/05/16 v1.3 Wrapper for package hooks (HO)
Package: xcolor-patch 2016/05/16 xcolor patch
Package: atveryend 2016/05/16 v1.9 Hooks at the very end of document (HO)
Package atveryend Info: \enddocument detected (standard20110627).
Package: atbegshi 2016/05/16 v1.17 At begin shipout hook (HO)
Package: refcount 2016/05/16 v3.5 Data extraction from label references (HO)
Package: hycolor 2016/05/16 v1.8 Color options for hyperref/bookmark (HO)
)
(/usr/local/texlive/2016/texmf-dist/tex/generic/ifxetex/ifxetex.sty
Package: ifxetex 2010/09/12 v0.6 Provides ifxetex conditional
)
(/usr/local/texlive/2016/texmf-dist/tex/latex/oberdiek/auxhook.sty
Package: auxhook 2016/05/16 v1.4 Hooks for auxiliary files (HO)
)
(/usr/local/texlive/2016/texmf-dist/tex/latex/oberdiek/kvoptions.sty
Package: kvoptions 2016/05/16 v3.12 Key value format for package options (HO)
)
\@linkdim=\dimen107
\Hy@linkcounter=\count96
\Hy@pagecounter=\count97

(/usr/local/texlive/2016/texmf-dist/tex/latex/hyperref/pd1enc.def
File: pd1enc.def 2016/05/05 v6.83n Hyperref: PDFDocEncoding definition (HO)
)
\Hy@SavedSpaceFactor=\count98

(/usr/local/texlive/2016/texmf-dist/tex/latex/latexconfig/hyperref.cfg
File: hyperref.cfg 2002/06/06 v1.2 hyperref configuration of TeXLive
)
Package hyperref Info: Hyper figures OFF on input line 4446.
Package hyperref Info: Link nesting OFF on input line 4451.
Package hyperref Info: Hyper index ON on input line 4454.
Package hyperref Info: Plain pages OFF on input line 4461.
Package hyperref Info: Backreferencing OFF on input line 4466.
Package hyperref Info: Implicit mode ON; LaTeX internals redefined.
Package hyperref Info: Bookmarks ON on input line 4691.
\c@Hy@tempcnt=\count99

(/usr/local/texlive/2016/texmf-dist/tex/latex/url/url.sty
\Urlmuskip=\muskip10
Package: url 2013/09/16  ver 3.4  Verb mode for urls, etc.
)
LaTeX Info: Redefining \url on input line 5044.
\XeTeXLinkMargin=\dimen108
\Fld@menulength=\count100
\Field@Width=\dimen109
\Fld@charsize=\dimen110
Package hyperref Info: Hyper figures OFF on input line 6298.
Package hyperref Info: Link nesting OFF on input line 6303.
Package hyperref Info: Hyper index ON on input line 6306.
Package hyperref Info: backreferencing OFF on input line 6313.
Package hyperref Info: Link coloring OFF on input line 6318.
Package hyperref Info: Link coloring with OCG OFF on input line 6323.
Package hyperref Info: PDF/A mode OFF on input line 6328.
LaTeX Info: Redefining \ref on input line 6368.
LaTeX Info: Redefining \pageref on input line 6372.
\Hy@abspage=\count101
\c@Item=\count102
\c@Hfootnote=\count103
)

Package hyperref Message: Driver (autodetected): hpdftex.

(/usr/local/texlive/2016/texmf-dist/tex/latex/hyperref/hpdftex.def
File: hpdftex.def 2016/05/05 v6.83n Hyperref driver for pdfTeX
\Fld@listcount=\count104
\c@bookmark@seq@number=\count105

(/usr/local/texlive/2016/texmf-dist/tex/latex/oberdiek/rerunfilecheck.sty
Package: rerunfilecheck 2016/05/16 v1.8 Rerun checks for auxiliary files (HO)
Package uniquecounter Info: New unique counter `rerunfilecheck' on input line 2
82.
)
\Hy@SectionHShift=\skip52
)
(/usr/local/texlive/2016/texmf-dist/tex/latex/caption/caption.sty
Package: caption 2016/02/21 v3.3-144 Customizing captions (AR)

(/usr/local/texlive/2016/texmf-dist/tex/latex/caption/caption3.sty
Package: caption3 2016/02/04 v1.7-139 caption3 kernel (AR)
Package caption3 Info: TeX engine: e-TeX on input line 67.
\captionmargin=\dimen111
\captionmargin@=\dimen112
\captionwidth=\dimen113
\caption@tempdima=\dimen114
\caption@indent=\dimen115
\caption@parindent=\dimen116
\caption@hangindent=\dimen117
)
\c@ContinuedFloat=\count106
Package caption Info: float package is loaded.
Package caption Info: hyperref package is loaded.
)
(/usr/local/texlive/2016/texmf-dist/tex/latex/caption/subcaption.sty
Package: subcaption 2016/02/20 v1.1-142 Sub-captions (AR)
\c@subfigure=\count107
\c@subtable=\count108
)
(/usr/local/texlive/2016/texmf-dist/tex/latex/amsmath/amsmath.sty
Package: amsmath 2016/03/10 v2.15b AMS math features
\@mathmargin=\skip53

For additional information on amsmath, use the `?' option.
(/usr/local/texlive/2016/texmf-dist/tex/latex/amsmath/amstext.sty
Package: amstext 2000/06/29 v2.01 AMS text

(/usr/local/texlive/2016/texmf-dist/tex/latex/amsmath/amsgen.sty
File: amsgen.sty 1999/11/30 v2.0 generic functions
\@emptytoks=\toks24
\ex@=\dimen118
))
(/usr/local/texlive/2016/texmf-dist/tex/latex/amsmath/amsbsy.sty
Package: amsbsy 1999/11/29 v1.2d Bold Symbols
\pmbraise@=\dimen119
)
(/usr/local/texlive/2016/texmf-dist/tex/latex/amsmath/amsopn.sty
Package: amsopn 2016/03/08 v2.02 operator names
)
\inf@bad=\count109
LaTeX Info: Redefining \frac on input line 199.
\uproot@=\count110
\leftroot@=\count111
LaTeX Info: Redefining \overline on input line 297.
\classnum@=\count112
\DOTSCASE@=\count113
LaTeX Info: Redefining \ldots on input line 394.
LaTeX Info: Redefining \dots on input line 397.
LaTeX Info: Redefining \cdots on input line 518.
\Mathstrutbox@=\box28
\strutbox@=\box29
\big@size=\dimen120
LaTeX Font Info:    Redeclaring font encoding OML on input line 634.
LaTeX Font Info:    Redeclaring font encoding OMS on input line 635.
\macc@depth=\count114
\c@MaxMatrixCols=\count115
\dotsspace@=\muskip11
\c@parentequation=\count116
\dspbrk@lvl=\count117
\tag@help=\toks25
\row@=\count118
\column@=\count119
\maxfields@=\count120
\andhelp@=\toks26
\eqnshift@=\dimen121
\alignsep@=\dimen122
\tagshift@=\dimen123
\tagwidth@=\dimen124
\totwidth@=\dimen125
\lineht@=\dimen126
\@envbody=\toks27
\multlinegap=\skip54
\multlinetaggap=\skip55
\mathdisplay@stack=\toks28
LaTeX Info: Redefining \[ on input line 2739.
LaTeX Info: Redefining \] on input line 2740.
)
(./icml2017.sty
Package: icml2017 2017/01/01 v2.0 ICML Conference Style File
 (./fancyhdr.sty
\fancy@headwidth=\skip56
\f@ncyO@elh=\skip57
\f@ncyO@erh=\skip58
\f@ncyO@olh=\skip59
\f@ncyO@orh=\skip60
\f@ncyO@elf=\skip61
\f@ncyO@erf=\skip62
\f@ncyO@olf=\skip63
\f@ncyO@orf=\skip64
)
(/usr/local/texlive/2016/texmf-dist/tex/latex/graphics/color.sty
Package: color 2016/05/09 v1.1c Standard LaTeX Color (DPC)

(/usr/local/texlive/2016/texmf-dist/tex/latex/graphics-cfg/color.cfg
File: color.cfg 2016/01/02 v1.6 sample color configuration
)
Package color Info: Driver file: pdftex.def on input line 144.
)
(/usr/local/texlive/2016/texmf-dist/tex/latex/eso-pic/eso-pic.sty
Package: eso-pic 2015/07/21 v2.0g eso-pic (RN)
)
(/usr/local/texlive/2016/texmf-dist/tex/latex/forloop/forloop.sty
Package: forloop 2006/09/18 v3.0 For Loops for LaTeX
)
Package hyperref Info: Option `colorlinks' set `true' on input line 101.
\titrun=\box30
\c@@affiliationcounter=\count121
\c@@affilnum=\count122
\newcaptionbox=\box31
\newcaptionboxwid=\dimen127
\icmlrulerbox=\box32
\icmlrulercount=\count123
\icmlruleroffset=\dimen128
\cv@lineheight=\dimen129
\cv@boxheight=\dimen130
\cv@tmpbox=\box33
\cv@refno=\count124
\cv@tot=\count125
\cv@tmpc@=\count126
\cv@tmpc=\count127
)
\c@theorem=\count128
\c@lemma=\count129
\c@proposition=\count130
\c@remark=\count131
\c@definition=\count132

(./paper-icml.aux)
\openout1 = `paper-icml.aux'.

LaTeX Font Info:    Checking defaults for OML/cmm/m/it on input line 72.
LaTeX Font Info:    ... okay on input line 72.
LaTeX Font Info:    Checking defaults for T1/cmr/m/n on input line 72.
LaTeX Font Info:    ... okay on input line 72.
LaTeX Font Info:    Checking defaults for OT1/cmr/m/n on input line 72.
LaTeX Font Info:    ... okay on input line 72.
LaTeX Font Info:    Checking defaults for OMS/cmsy/m/n on input line 72.
LaTeX Font Info:    ... okay on input line 72.
LaTeX Font Info:    Checking defaults for OMX/cmex/m/n on input line 72.
LaTeX Font Info:    ... okay on input line 72.
LaTeX Font Info:    Checking defaults for U/cmr/m/n on input line 72.
LaTeX Font Info:    ... okay on input line 72.
LaTeX Font Info:    Checking defaults for PD1/pdf/m/n on input line 72.
LaTeX Font Info:    ... okay on input line 72.
LaTeX Font Info:    Try loading font information for OT1+ptm on input line 72.

(/usr/local/texlive/2016/texmf-dist/tex/latex/psnfss/ot1ptm.fd
File: ot1ptm.fd 2001/06/04 font definitions for OT1/ptm.
)
(/usr/local/texlive/2016/texmf-dist/tex/context/base/mkii/supp-pdf.mkii
[Loading MPS to PDF converter (version 2006.09.02).]
\scratchcounter=\count133
\scratchdimen=\dimen131
\scratchbox=\box34
\nofMPsegments=\count134
\nofMParguments=\count135
\everyMPshowfont=\toks29
\MPscratchCnt=\count136
\MPscratchDim=\dimen132
\MPnumerator=\count137
\makeMPintoPDFobject=\count138
\everyMPtoPDFconversion=\toks30
) (/usr/local/texlive/2016/texmf-dist/tex/latex/oberdiek/epstopdf-base.sty
Package: epstopdf-base 2016/05/15 v2.6 Base part for package epstopdf

(/usr/local/texlive/2016/texmf-dist/tex/latex/oberdiek/grfext.sty
Package: grfext 2016/05/16 v1.2 Manage graphics extensions (HO)
)
Package grfext Info: Graphics extension search list:
(grfext)             [.png,.pdf,.jpg,.mps,.jpeg,.jbig2,.jb2,.PNG,.PDF,.JPG,.JPE
G,.JBIG2,.JB2,.eps]
(grfext)             \AppendGraphicsExtensions on input line 456.

(/usr/local/texlive/2016/texmf-dist/tex/latex/latexconfig/epstopdf-sys.cfg
File: epstopdf-sys.cfg 2010/07/13 v1.3 Configuration of (r)epstopdf for TeX Liv
e
))
\AtBeginShipoutBox=\box35
Package hyperref Info: Link coloring ON on input line 72.

(/usr/local/texlive/2016/texmf-dist/tex/latex/hyperref/nameref.sty
Package: nameref 2012/10/27 v2.43 Cross-referencing by name of section

(/usr/local/texlive/2016/texmf-dist/tex/generic/oberdiek/gettitlestring.sty
Package: gettitlestring 2016/05/16 v1.5 Cleanup title references (HO)
)
\c@section@level=\count139
)
LaTeX Info: Redefining \ref on input line 72.
LaTeX Info: Redefining \pageref on input line 72.
LaTeX Info: Redefining \nameref on input line 72.

(./paper-icml.out) (./paper-icml.out)
\@outlinefile=\write3
\openout3 = `paper-icml.out'.

Package caption Info: Begin \AtBeginDocument code.
Package caption Info: End \AtBeginDocument code.
LaTeX Font Info:    Font shape `OT1/ptm/bx/n' in size <9> not available
(Font)              Font shape `OT1/ptm/b/n' tried instead on input line 96.
LaTeX Font Info:    Font shape `OT1/ptm/bx/n' in size <14.4> not available
(Font)              Font shape `OT1/ptm/b/n' tried instead on input line 96.
LaTeX Font Info:    Font shape `OT1/ptm/bx/n' in size <10> not available
(Font)              Font shape `OT1/ptm/b/n' tried instead on input line 96.
\c@@affilgoogle=\count140


Package hyperref Warning: Ignoring empty anchor on input line 112.

LaTeX Font Info:    Try loading font information for OML+ptm on input line 112.

(/usr/local/texlive/2016/texmf-dist/tex/latex/psnfss/omlptm.fd
File: omlptm.fd 
)
LaTeX Font Info:    Font shape `OML/ptm/m/n' in size <9> not available
(Font)              Font shape `OML/cmm/m/it' tried instead on input line 112.

Underfull \hbox (badness 10000) in paragraph at lines 112--112
[][][]| $[]$\OT1/ptm/m/n/9 Equal con-tri-bu-tion  $[]$Google Inc., Moun-tain Vi
ew,
 []


Underfull \hbox (badness 10000) in paragraph at lines 112--112
\OT1/ptm/m/n/9 USA. Cor-re-spon-dence to: Mukund Sun-darara-jan
 []

(./intro.tex
LaTeX Font Info:    Font shape `OT1/ptm/bx/n' in size <12> not available
(Font)              Font shape `OT1/ptm/b/n' tried instead on input line 2.

Underfull \vbox (badness 10000) has occurred while \output is active []

 [1{/usr/local/texlive/2016/texmf-var/fonts/map/pdftex/updmap/pdftex.map}



]) (./method.tex
Underfull \hbox (badness 2173) in paragraph at lines 51--58
[]\OT1/ptm/m/n/10 Unfortunately, De-con-vo-lu-tion net-works (De-Con-vNets),
 []


Underfull \vbox (badness 10000) has occurred while \output is active []

 [2]

LaTeX Font Warning: Command \small invalid in math mode on input line 146.

LaTeX Font Info:    Calculating math sizes for size <> on input line 148.

LaTeX Font Warning: Font shape `OT1/cmr/m/n' in size <> not available
(Font)              size <5> substituted on input line 148.


LaTeX Font Warning: Font shape `OT1/cmr/m/n' in size <0.7> not available
(Font)              size <5> substituted on input line 148.


LaTeX Font Warning: Font shape `OT1/cmr/m/n' in size <0.5> not available
(Font)              size <5> substituted on input line 148.


LaTeX Font Warning: Font shape `OML/cmm/m/it' in size <> not available
(Font)              size <5> substituted on input line 148.


LaTeX Font Warning: Font shape `OML/cmm/m/it' in size <0.7> not available
(Font)              size <5> substituted on input line 148.


LaTeX Font Warning: Font shape `OML/cmm/m/it' in size <0.5> not available
(Font)              size <5> substituted on input line 148.


LaTeX Font Warning: Font shape `OMS/cmsy/m/n' in size <> not available
(Font)              size <5> substituted on input line 148.


LaTeX Font Warning: Font shape `OMS/cmsy/m/n' in size <0.7> not available
(Font)              size <5> substituted on input line 148.


LaTeX Font Warning: Font shape `OMS/cmsy/m/n' in size <0.5> not available
(Font)              size <5> substituted on input line 148.


LaTeX Font Warning: Font shape `OT1/cmss/m/n' in size <> not available
(Font)              size <5> substituted on input line 148.


LaTeX Font Warning: Font shape `OT1/cmss/m/n' in size <0.7> not available
(Font)              size <5> substituted on input line 148.


LaTeX Font Warning: Font shape `OT1/cmss/m/n' in size <0.5> not available
(Font)              size <5> substituted on input line 148.


LaTeX Font Warning: Font shape `OT1/cmr/m/it' in size <> not available
(Font)              size <5> substituted on input line 148.


LaTeX Font Warning: Font shape `OT1/cmr/m/it' in size <0.7> not available
(Font)              size <5> substituted on input line 148.


LaTeX Font Warning: Font shape `OT1/cmr/m/it' in size <0.5> not available
(Font)              size <5> substituted on input line 148.

Missing character: There is no ‚ in font ptmr7t!
Missing character: There is no Ä in font ptmr7t!
Missing character: There is no ô in font ptmr7t!
) (./eval.tex [3]
Missing character: There is no ‚ in font ptmr7t!
Missing character: There is no Ä in font ptmr7t!
Missing character: There is no ú in font ptmr7t!
Missing character: There is no ‚ in font ptmr7t!
Missing character: There is no Ä in font ptmr7t!
Missing character: There is no ù in font ptmr7t!
 <./Figures/Paths/integ.pdf, id=114, 236.885pt x 223.83624pt>
File: ./Figures/Paths/integ.pdf Graphic file (type pdf)

<use ./Figures/Paths/integ.pdf>
Package pdftex.def Info: ./Figures/Paths/integ.pdf used on input line 57.
(pdftex.def)             Requested size: 117.43875pt x 110.96834pt.
 [4 <./Figures/Paths/integ.pdf>]
Underfull \hbox (badness 1762) in paragraph at lines 177--178
[][]\OT1/ptm/b/n/10 Theorem 1. []\OT1/ptm/m/it/10 In-te-grated gra-di-ents is t
he unique path
 []


Underfull \vbox (badness 10000) has occurred while \output is active []

 [5]
LaTeX Font Info:    Try loading font information for OT1+pcr on input line 251.


(/usr/local/texlive/2016/texmf-dist/tex/latex/psnfss/ot1pcr.fd
File: ot1pcr.fd 2001/06/04 font definitions for OT1/pcr.
))
(./application.tex
<./Figures/IntegratedGrads/img0.jpg, id=187, 965.6075pt x 30.1125pt>
File: ./Figures/IntegratedGrads/img0.jpg Graphic file (type jpg)

<use ./Figures/IntegratedGrads/img0.jpg>
Package pdftex.def Info: ./Figures/IntegratedGrads/img0.jpg used on input line 
56.
(pdftex.def)             Requested size: 164.41353pt x 5.12686pt.

<./Figures/IntegratedGrads/img1.jpg, id=188, 965.6075pt x 224.84pt>
File: ./Figures/IntegratedGrads/img1.jpg Graphic file (type jpg)

<use ./Figures/IntegratedGrads/img1.jpg>
Package pdftex.def Info: ./Figures/IntegratedGrads/img1.jpg used on input line 
57.
(pdftex.def)             Requested size: 164.41353pt x 38.28061pt.

<./Figures/IntegratedGrads/img2.jpg, id=189, 965.6075pt x 224.84pt>
File: ./Figures/IntegratedGrads/img2.jpg Graphic file (type jpg)

<use ./Figures/IntegratedGrads/img2.jpg>
Package pdftex.def Info: ./Figures/IntegratedGrads/img2.jpg used on input line 
58.
(pdftex.def)             Requested size: 164.41353pt x 38.28061pt.

<./Figures/IntegratedGrads/img3.jpg, id=190, 965.6075pt x 224.84pt>
File: ./Figures/IntegratedGrads/img3.jpg Graphic file (type jpg)

<use ./Figures/IntegratedGrads/img3.jpg>
Package pdftex.def Info: ./Figures/IntegratedGrads/img3.jpg used on input line 
59.
(pdftex.def)             Requested size: 164.41353pt x 38.28061pt.

<./Figures/IntegratedGrads/img4.jpg, id=191, 965.6075pt x 224.84pt>
File: ./Figures/IntegratedGrads/img4.jpg Graphic file (type jpg)

<use ./Figures/IntegratedGrads/img4.jpg>
Package pdftex.def Info: ./Figures/IntegratedGrads/img4.jpg used on input line 
60.
(pdftex.def)             Requested size: 164.41353pt x 38.28061pt.

<./Figures/IntegratedGrads/img5.jpg, id=192, 965.6075pt x 224.84pt>
File: ./Figures/IntegratedGrads/img5.jpg Graphic file (type jpg)

<use ./Figures/IntegratedGrads/img5.jpg>
Package pdftex.def Info: ./Figures/IntegratedGrads/img5.jpg used on input line 
61.
(pdftex.def)             Requested size: 164.41353pt x 38.28061pt.

<./Figures/IntegratedGrads/img6.jpg, id=193, 965.6075pt x 224.84pt>
File: ./Figures/IntegratedGrads/img6.jpg Graphic file (type jpg)

<use ./Figures/IntegratedGrads/img6.jpg>
Package pdftex.def Info: ./Figures/IntegratedGrads/img6.jpg used on input line 
62.
(pdftex.def)             Requested size: 164.41353pt x 38.28061pt.

<./Figures/IntegratedGrads/img7.jpg, id=194, 965.6075pt x 224.84pt>
File: ./Figures/IntegratedGrads/img7.jpg Graphic file (type jpg)

<use ./Figures/IntegratedGrads/img7.jpg>
Package pdftex.def Info: ./Figures/IntegratedGrads/img7.jpg used on input line 
63.
(pdftex.def)             Requested size: 164.41353pt x 38.28061pt.

<./Figures/Retina/retina_with_red.png, id=199, 2508.37125pt x 1254.6875pt>
File: ./Figures/Retina/retina_with_red.png Graphic file (type png)

<use ./Figures/Retina/retina_with_red.png>
Package pdftex.def Info: ./Figures/Retina/retina_with_red.png used on input lin
e 138.
(pdftex.def)             Requested size: 187.90271pt x 93.98262pt.

Underfull \vbox (badness 10000) has occurred while \output is active []

 [6 <./Figures/IntegratedGrads/img0.jpg> <./Figures/IntegratedGrads/img1.jpg> <
./Figures/IntegratedGrads/img2.jpg> <./Figures/IntegratedGrads/img3.jpg> <./Fig
ures/IntegratedGrads/img4.jpg> <./Figures/IntegratedGrads/img5.jpg> <./Figures/
IntegratedGrads/img6.jpg> <./Figures/IntegratedGrads/img7.jpg>]
<./Figures/QuestionClassification/attributions.png, id=224, 491.8375pt x 152.57
pt>
File: ./Figures/QuestionClassification/attributions.png Graphic file (type png)

 <use ./Figures/QuestionClassification/attributions.png>
Package pdftex.def Info: ./Figures/QuestionClassification/attributions.png used
 on input line 194.
(pdftex.def)             Requested size: 234.8775pt x 72.86028pt.

Underfull \hbox (badness 3525) in paragraph at lines 197--197
[][]\OT1/ptm/b/n/9 Attributions from ques-tion clas-si-fi-ca-tion model.
 []


Underfull \vbox (badness 10000) has occurred while \output is active []


<./Figures/NMT/nmt.png, id=230, 495.8525pt x 371.3875pt>
File: ./Figures/NMT/nmt.png Graphic file (type png)

<use ./Figures/NMT/nmt.png>
Package pdftex.def Info: ./Figures/NMT/nmt.png used on input line 213.
(pdftex.def)             Requested size: 164.41353pt x 123.14194pt.
 [7 <./Figures/Retina/retina_with_red.png> <./Figures/QuestionClassification/at
tributions.png> <./Figures/NMT/nmt.png>]
<./Figures/GAS/W2OneHot/attr-vis-atoms.png, id=252, 1721.43124pt x 736.7525pt>
File: ./Figures/GAS/W2OneHot/attr-vis-atoms.png Graphic file (type png)

<use ./Figures/GAS/W2OneHot/attr-vis-atoms.png>
Package pdftex.def Info: ./Figures/GAS/W2OneHot/attr-vis-atoms.png used on inpu
t line 341.
(pdftex.def)             Requested size: 211.3883pt x 90.46375pt.

<./Figures/GAS/W2OneHot/attr-vis-pairs.png, id=253, 1927.2pt x 244.915pt>
File: ./Figures/GAS/W2OneHot/attr-vis-pairs.png Graphic file (type png)

<use ./Figures/GAS/W2OneHot/attr-vis-pairs.png>
Package pdftex.def Info: ./Figures/GAS/W2OneHot/attr-vis-pairs.png used on inpu
t line 342.
(pdftex.def)             Requested size: 211.3883pt x 26.86224pt.
) (./discussion.tex)
(./conclusion.tex
Underfull \vbox (badness 10000) has occurred while \output is active []

 [8 <./Figures/GAS/W2OneHot/attr-vis-atoms.png> <./Figures/GAS/W2OneHot/attr-vi
s-pairs.png>]) (./paper-icml.bbl
Underfull \hbox (badness 3803) in paragraph at lines 21--26
[]\OT1/ptm/m/n/10 Bahdanau, Dzmitry, Cho, Kyunghyun, and Ben-gio,
 []


Underfull \hbox (badness 1112) in paragraph at lines 58--62
\OT1/ptm/m/n/10 tian.  Ex-plain-ing and har-ness-ing ad-ver-sar-ial ex-am-
 []


Underfull \hbox (badness 2189) in paragraph at lines 95--99
\OT1/ptm/m/n/10 among meth-ods for in-ter-pret-ing model pre-dic-tions.
 []

[9]
Underfull \hbox (badness 2443) in paragraph at lines 188--199
\OT1/ptm/m/n/10 Maxim, Cao, Yuan, Gao, Qin, Macherey, Klaus,
 []


Underfull \hbox (badness 2027) in paragraph at lines 188--199
\OT1/ptm/m/n/10 Xi-aob-ing, Kaiser, Lukasz, Gouws, Stephan, Kato,
 []

) <./Figures/DeepLift/network1.png, id=310, 1423.3175pt x 302.12875pt>
File: ./Figures/DeepLift/network1.png Graphic file (type png)

<use ./Figures/DeepLift/network1.png>
Package pdftex.def Info: ./Figures/DeepLift/network1.png used on input line 242
.
(pdftex.def)             Requested size: 190.24818pt x 40.37993pt.

<./Figures/DeepLift/network2.png, id=311, 1418.29875pt x 296.10625pt>
File: ./Figures/DeepLift/network2.png Graphic file (type png)

<use ./Figures/DeepLift/network2.png>
Package pdftex.def Info: ./Figures/DeepLift/network2.png used on input line 258
.
(pdftex.def)             Requested size: 190.24818pt x 39.71507pt.

Underfull \hbox (badness 1221) in paragraph at lines 279--279
[][]\OT1/ptm/b/n/9 Attributions for two func-tion-ally equiv-a-lent net-
 []


Underfull \hbox (badness 1281) in paragraph at lines 287--291
[]\OT1/ptm/m/n/10 First, ob-serve that the net-works $\OML/cmm/m/it/10 f$ \OT1/
ptm/m/n/10 and $\OML/cmm/m/it/10 g$ \OT1/ptm/m/n/10 are of the
 []


Underfull \vbox (badness 5878) has occurred while \output is active []

 [10 <./Figures/DeepLift/network1.png> <./Figures/DeepLift/network2.png>]
Package atveryend Info: Empty hook `BeforeClearDocument' on input line 314.
 [11

]
Package atveryend Info: Empty hook `AfterLastShipout' on input line 314.

(./paper-icml.aux)
Package atveryend Info: Executing hook `AtVeryEndDocument' on input line 314.
Package atveryend Info: Executing hook `AtEndAfterFileList' on input line 314.
Package rerunfilecheck Info: File `paper-icml.out' has not changed.
(rerunfilecheck)             Checksum: D41D8CD98F00B204E9800998ECF8427E;0.


LaTeX Font Warning: Size substitutions with differences
(Font)              up to 4.5pt have occurred.

Package atveryend Info: Empty hook `AtVeryVeryEnd' on input line 314.
 ) 
Here is how much of TeX's memory you used:
 8271 strings out of 493014
 123071 string characters out of 6133351
 227942 words of memory out of 5000000
 11568 multiletter control sequences out of 15000+600000
 31921 words of font info for 67 fonts, out of 8000000 for 9000
 1141 hyphenation exceptions out of 8191
 36i,18n,45p,598b,609s stack positions out of 5000i,500n,10000p,200000b,80000s
{/usr/local/texlive/2016/texmf-dist/fonts/enc/dvips/base/8r.enc}</usr/local/t
exlive/2016/texmf-dist/fonts/type1/public/amsfonts/cm/cmex10.pfb></usr/local/te
xlive/2016/texmf-dist/fonts/type1/public/amsfonts/cmextra/cmex9.pfb></usr/local
/texlive/2016/texmf-dist/fonts/type1/public/amsfonts/cm/cmmi10.pfb></usr/local/
texlive/2016/texmf-dist/fonts/type1/public/amsfonts/cm/cmmi5.pfb></usr/local/te
xlive/2016/texmf-dist/fonts/type1/public/amsfonts/cm/cmmi6.pfb></usr/local/texl
ive/2016/texmf-dist/fonts/type1/public/amsfonts/cm/cmmi7.pfb></usr/local/texliv
e/2016/texmf-dist/fonts/type1/public/amsfonts/cm/cmmi9.pfb></usr/local/texlive/
2016/texmf-dist/fonts/type1/public/amsfonts/cm/cmr10.pfb></usr/local/texlive/20
16/texmf-dist/fonts/type1/public/amsfonts/cm/cmr5.pfb></usr/local/texlive/2016/
texmf-dist/fonts/type1/public/amsfonts/cm/cmr6.pfb></usr/local/texlive/2016/tex
mf-dist/fonts/type1/public/amsfonts/cm/cmr7.pfb></usr/local/texlive/2016/texmf-
dist/fonts/type1/public/amsfonts/cm/cmr9.pfb></usr/local/texlive/2016/texmf-dis
t/fonts/type1/public/amsfonts/cm/cmss10.pfb></usr/local/texlive/2016/texmf-dist
/fonts/type1/public/amsfonts/cm/cmss9.pfb></usr/local/texlive/2016/texmf-dist/f
onts/type1/public/amsfonts/cm/cmsy10.pfb></usr/local/texlive/2016/texmf-dist/fo
nts/type1/public/amsfonts/cm/cmsy5.pfb></usr/local/texlive/2016/texmf-dist/font
s/type1/public/amsfonts/cm/cmsy6.pfb></usr/local/texlive/2016/texmf-dist/fonts/
type1/public/amsfonts/cm/cmsy7.pfb></usr/local/texlive/2016/texmf-dist/fonts/ty
pe1/public/amsfonts/cm/cmsy9.pfb></usr/local/texlive/2016/texmf-dist/fonts/type
1/public/amsfonts/cm/cmti9.pfb></usr/local/texlive/2016/texmf-dist/fonts/type1/
urw/courier/ucrr8a.pfb></usr/local/texlive/2016/texmf-dist/fonts/type1/urw/time
s/utmb8a.pfb></usr/local/texlive/2016/texmf-dist/fonts/type1/urw/times/utmr8a.p
fb></usr/local/texlive/2016/texmf-dist/fonts/type1/urw/times/utmr8a.pfb></usr/l
ocal/texlive/2016/texmf-dist/fonts/type1/urw/times/utmri8a.pfb>
Output written on paper-icml.pdf (11 pages, 3316749 bytes).
PDF statistics:
 439 PDF objects out of 1000 (max. 8388607)
 367 compressed objects within 4 object streams
 85 named destinations out of 1000 (max. 500000)
 81 words of extra memory for PDF output out of 10000 (max. 10000000)

